2021-02-15 12:54:06,698 HOW INFO: Initializing network whitening
2021-02-15 12:56:25,210 HOW DEBUG: Network whitening initialized in 138.5s
2021-02-15 13:04:07,561 HOW INFO: >> Train: [1][1/400]	Time 9.552 (9.552)	Data 6.136 (6.136)	Loss 0.5273 (0.4969)
2021-02-15 13:04:24,543 HOW INFO: >> Train: [1][20/400]	Time 0.894 (1.327)	Data 0.000 (0.307)	Loss 0.0746 (0.4140)
2021-02-15 13:04:42,279 HOW INFO: >> Train: [1][40/400]	Time 0.906 (1.107)	Data 0.000 (0.154)	Loss 0.4811 (0.3504)
2021-02-15 13:05:00,321 HOW INFO: >> Train: [1][60/400]	Time 0.944 (1.039)	Data 0.000 (0.102)	Loss 0.3311 (0.3130)
2021-02-15 13:05:18,218 HOW INFO: >> Train: [1][80/400]	Time 0.939 (1.003)	Data 0.000 (0.077)	Loss 0.3588 (0.2940)
2021-02-15 13:05:36,410 HOW INFO: >> Train: [1][100/400]	Time 0.910 (0.984)	Data 0.000 (0.062)	Loss 0.1485 (0.2780)
2021-02-15 13:05:54,948 HOW INFO: >> Train: [1][120/400]	Time 0.933 (0.974)	Data 0.000 (0.051)	Loss 0.2222 (0.2665)
2021-02-15 13:06:12,992 HOW INFO: >> Train: [1][140/400]	Time 0.947 (0.964)	Data 0.000 (0.044)	Loss 0.1699 (0.2562)
2021-02-15 13:06:30,549 HOW INFO: >> Train: [1][160/400]	Time 0.887 (0.953)	Data 0.000 (0.039)	Loss 0.2040 (0.2506)
2021-02-15 13:06:49,028 HOW INFO: >> Train: [1][180/400]	Time 0.884 (0.950)	Data 0.000 (0.034)	Loss 0.2103 (0.2451)
2021-02-15 13:07:06,915 HOW INFO: >> Train: [1][200/400]	Time 0.823 (0.945)	Data 0.000 (0.031)	Loss 0.3315 (0.2404)
2021-02-15 13:07:24,397 HOW INFO: >> Train: [1][220/400]	Time 0.747 (0.938)	Data 0.000 (0.028)	Loss 0.2342 (0.2368)
2021-02-15 13:07:42,061 HOW INFO: >> Train: [1][240/400]	Time 0.902 (0.934)	Data 0.000 (0.026)	Loss 0.1738 (0.2318)
2021-02-15 13:08:00,199 HOW INFO: >> Train: [1][260/400]	Time 0.965 (0.931)	Data 0.000 (0.024)	Loss 0.2000 (0.2272)
2021-02-15 13:08:18,032 HOW INFO: >> Train: [1][280/400]	Time 0.882 (0.929)	Data 0.000 (0.022)	Loss 0.1516 (0.2246)
2021-02-15 13:08:35,953 HOW INFO: >> Train: [1][300/400]	Time 0.925 (0.926)	Data 0.000 (0.021)	Loss 0.1848 (0.2221)
2021-02-15 13:08:53,177 HOW INFO: >> Train: [1][320/400]	Time 0.872 (0.922)	Data 0.000 (0.019)	Loss 0.1022 (0.2198)
2021-02-15 13:09:10,859 HOW INFO: >> Train: [1][340/400]	Time 0.869 (0.920)	Data 0.000 (0.018)	Loss 0.1476 (0.2173)
2021-02-15 13:09:28,560 HOW INFO: >> Train: [1][360/400]	Time 0.887 (0.918)	Data 0.000 (0.017)	Loss 0.1207 (0.2149)
2021-02-15 13:09:46,978 HOW INFO: >> Train: [1][380/400]	Time 0.922 (0.918)	Data 0.000 (0.016)	Loss 0.1991 (0.2126)
2021-02-15 13:10:05,083 HOW INFO: >> Train: [1][400/400]	Time 0.991 (0.918)	Data 0.000 (0.016)	Loss 0.1725 (0.2107)
2021-02-15 13:10:06,123 HOW INFO: Epoch 1 finished in 820.5s
2021-02-15 13:17:49,025 HOW INFO: >> Train: [2][1/400]	Time 7.990 (7.990)	Data 6.430 (6.430)	Loss 0.1063 (0.2105)
2021-02-15 13:18:07,765 HOW INFO: >> Train: [2][20/400]	Time 0.978 (1.336)	Data 0.000 (0.322)	Loss 0.4004 (0.2273)
2021-02-15 13:18:26,594 HOW INFO: >> Train: [2][40/400]	Time 0.954 (1.139)	Data 0.000 (0.161)	Loss 0.1529 (0.2239)
2021-02-15 13:18:45,692 HOW INFO: >> Train: [2][60/400]	Time 1.024 (1.078)	Data 0.000 (0.107)	Loss 0.2849 (0.2178)
2021-02-15 13:19:04,564 HOW INFO: >> Train: [2][80/400]	Time 0.904 (1.044)	Data 0.000 (0.081)	Loss 0.2585 (0.2141)
2021-02-15 13:19:23,520 HOW INFO: >> Train: [2][100/400]	Time 0.909 (1.025)	Data 0.000 (0.065)	Loss 0.1688 (0.2095)
2021-02-15 13:19:42,512 HOW INFO: >> Train: [2][120/400]	Time 0.972 (1.012)	Data 0.000 (0.054)	Loss 0.2400 (0.2056)
2021-02-15 13:20:01,313 HOW INFO: >> Train: [2][140/400]	Time 0.954 (1.002)	Data 0.000 (0.046)	Loss 0.2379 (0.2020)
2021-02-15 13:20:20,610 HOW INFO: >> Train: [2][160/400]	Time 0.950 (0.997)	Data 0.000 (0.040)	Loss 0.2005 (0.2012)
2021-02-15 13:20:39,406 HOW INFO: >> Train: [2][180/400]	Time 0.872 (0.991)	Data 0.000 (0.036)	Loss 0.1860 (0.2022)
2021-02-15 13:20:58,146 HOW INFO: >> Train: [2][200/400]	Time 0.957 (0.986)	Data 0.000 (0.032)	Loss 0.2070 (0.2007)
2021-02-15 13:21:17,232 HOW INFO: >> Train: [2][220/400]	Time 0.882 (0.983)	Data 0.000 (0.029)	Loss 0.0999 (0.1985)
2021-02-15 13:21:36,121 HOW INFO: >> Train: [2][240/400]	Time 1.013 (0.980)	Data 0.000 (0.027)	Loss 0.1340 (0.1974)
2021-02-15 13:21:54,988 HOW INFO: >> Train: [2][260/400]	Time 0.923 (0.977)	Data 0.000 (0.025)	Loss 0.1762 (0.1951)
2021-02-15 13:22:13,934 HOW INFO: >> Train: [2][280/400]	Time 0.925 (0.975)	Data 0.000 (0.023)	Loss 0.2614 (0.1936)
2021-02-15 13:22:32,397 HOW INFO: >> Train: [2][300/400]	Time 0.971 (0.971)	Data 0.000 (0.022)	Loss 0.1376 (0.1933)
2021-02-15 13:22:51,533 HOW INFO: >> Train: [2][320/400]	Time 0.959 (0.970)	Data 0.000 (0.020)	Loss 0.2284 (0.1929)
2021-02-15 13:23:10,640 HOW INFO: >> Train: [2][340/400]	Time 0.975 (0.969)	Data 0.000 (0.019)	Loss 0.1353 (0.1919)
2021-02-15 13:23:29,921 HOW INFO: >> Train: [2][360/400]	Time 0.987 (0.969)	Data 0.000 (0.018)	Loss 0.1822 (0.1913)
2021-02-15 13:23:48,489 HOW INFO: >> Train: [2][380/400]	Time 0.973 (0.967)	Data 0.000 (0.017)	Loss 0.1856 (0.1910)
2021-02-15 13:24:07,456 HOW INFO: >> Train: [2][400/400]	Time 0.961 (0.966)	Data 0.000 (0.016)	Loss 0.1259 (0.1903)
2021-02-15 13:24:08,863 HOW INFO: Epoch 2 finished in 842.7s
2021-02-15 13:31:43,716 HOW INFO: >> Train: [3][1/400]	Time 7.940 (7.940)	Data 6.485 (6.485)	Loss 0.0565 (0.1959)
2021-02-15 13:32:01,506 HOW INFO: >> Train: [3][20/400]	Time 0.942 (1.287)	Data 0.000 (0.325)	Loss 0.2029 (0.1934)
2021-02-15 13:32:20,222 HOW INFO: >> Train: [3][40/400]	Time 0.938 (1.111)	Data 0.000 (0.162)	Loss 0.1654 (0.1887)
2021-02-15 13:32:39,365 HOW INFO: >> Train: [3][60/400]	Time 0.994 (1.060)	Data 0.000 (0.108)	Loss 0.3607 (0.1905)
2021-02-15 13:32:57,898 HOW INFO: >> Train: [3][80/400]	Time 0.880 (1.027)	Data 0.000 (0.081)	Loss 0.2531 (0.1870)
2021-02-15 13:33:17,202 HOW INFO: >> Train: [3][100/400]	Time 0.907 (1.014)	Data 0.000 (0.065)	Loss 0.1278 (0.1844)
2021-02-15 13:33:36,390 HOW INFO: >> Train: [3][120/400]	Time 0.999 (1.005)	Data 0.000 (0.054)	Loss 0.0707 (0.1827)
2021-02-15 13:33:55,596 HOW INFO: >> Train: [3][140/400]	Time 0.973 (0.999)	Data 0.000 (0.047)	Loss 0.2306 (0.1830)
2021-02-15 13:34:14,350 HOW INFO: >> Train: [3][160/400]	Time 0.928 (0.991)	Data 0.000 (0.041)	Loss 0.1374 (0.1833)
2021-02-15 13:34:32,842 HOW INFO: >> Train: [3][180/400]	Time 0.934 (0.984)	Data 0.000 (0.036)	Loss 0.2484 (0.1843)
2021-02-15 13:34:51,904 HOW INFO: >> Train: [3][200/400]	Time 1.006 (0.981)	Data 0.000 (0.033)	Loss 0.1830 (0.1847)
2021-02-15 13:35:10,938 HOW INFO: >> Train: [3][220/400]	Time 0.974 (0.978)	Data 0.000 (0.030)	Loss 0.0481 (0.1850)
2021-02-15 13:35:30,168 HOW INFO: >> Train: [3][240/400]	Time 1.002 (0.977)	Data 0.000 (0.027)	Loss 0.3047 (0.1841)
2021-02-15 13:35:49,209 HOW INFO: >> Train: [3][260/400]	Time 0.996 (0.975)	Data 0.000 (0.025)	Loss 0.1506 (0.1833)
2021-02-15 13:36:07,937 HOW INFO: >> Train: [3][280/400]	Time 0.955 (0.972)	Data 0.000 (0.023)	Loss 0.1050 (0.1824)
2021-02-15 13:36:26,710 HOW INFO: >> Train: [3][300/400]	Time 0.915 (0.970)	Data 0.000 (0.022)	Loss 0.1490 (0.1818)
2021-02-15 13:36:45,790 HOW INFO: >> Train: [3][320/400]	Time 0.921 (0.969)	Data 0.000 (0.020)	Loss 0.1036 (0.1813)
2021-02-15 13:37:04,918 HOW INFO: >> Train: [3][340/400]	Time 0.881 (0.968)	Data 0.000 (0.019)	Loss 0.2158 (0.1812)
2021-02-15 13:37:23,628 HOW INFO: >> Train: [3][360/400]	Time 0.867 (0.966)	Data 0.000 (0.018)	Loss 0.1489 (0.1806)
2021-02-15 13:37:42,120 HOW INFO: >> Train: [3][380/400]	Time 0.963 (0.964)	Data 0.000 (0.017)	Loss 0.1057 (0.1803)
2021-02-15 13:38:01,187 HOW INFO: >> Train: [3][400/400]	Time 0.964 (0.964)	Data 0.000 (0.016)	Loss 0.1460 (0.1793)
2021-02-15 13:38:02,609 HOW INFO: Epoch 3 finished in 833.7s
2021-02-15 13:45:37,257 HOW INFO: >> Train: [4][1/400]	Time 7.633 (7.633)	Data 6.304 (6.304)	Loss 0.2649 (0.2117)
2021-02-15 13:45:55,848 HOW INFO: >> Train: [4][20/400]	Time 0.956 (1.311)	Data 0.000 (0.315)	Loss 0.1512 (0.1859)
2021-02-15 13:46:14,768 HOW INFO: >> Train: [4][40/400]	Time 0.931 (1.129)	Data 0.000 (0.158)	Loss 0.2172 (0.1825)
2021-02-15 13:46:33,872 HOW INFO: >> Train: [4][60/400]	Time 1.010 (1.071)	Data 0.000 (0.105)	Loss 0.0673 (0.1824)
2021-02-15 13:46:53,065 HOW INFO: >> Train: [4][80/400]	Time 0.946 (1.043)	Data 0.000 (0.079)	Loss 0.1604 (0.1806)
2021-02-15 13:47:12,415 HOW INFO: >> Train: [4][100/400]	Time 0.951 (1.028)	Data 0.000 (0.063)	Loss 0.1014 (0.1803)
2021-02-15 13:47:31,741 HOW INFO: >> Train: [4][120/400]	Time 0.971 (1.018)	Data 0.000 (0.053)	Loss 0.1038 (0.1792)
2021-02-15 13:47:50,666 HOW INFO: >> Train: [4][140/400]	Time 0.985 (1.007)	Data 0.000 (0.045)	Loss 0.1837 (0.1798)
2021-02-15 13:48:09,507 HOW INFO: >> Train: [4][160/400]	Time 0.849 (0.999)	Data 0.000 (0.040)	Loss 0.1226 (0.1795)
2021-02-15 13:48:28,353 HOW INFO: >> Train: [4][180/400]	Time 1.043 (0.993)	Data 0.000 (0.035)	Loss 0.2756 (0.1795)
2021-02-15 13:48:47,312 HOW INFO: >> Train: [4][200/400]	Time 0.877 (0.988)	Data 0.000 (0.032)	Loss 0.1646 (0.1789)
2021-02-15 13:49:06,443 HOW INFO: >> Train: [4][220/400]	Time 0.912 (0.986)	Data 0.000 (0.029)	Loss 0.2070 (0.1784)
2021-02-15 13:49:25,443 HOW INFO: >> Train: [4][240/400]	Time 0.923 (0.983)	Data 0.000 (0.027)	Loss 0.2959 (0.1774)
2021-02-15 13:49:44,075 HOW INFO: >> Train: [4][260/400]	Time 0.905 (0.979)	Data 0.000 (0.024)	Loss 0.2205 (0.1768)
2021-02-15 13:50:02,943 HOW INFO: >> Train: [4][280/400]	Time 0.925 (0.976)	Data 0.000 (0.023)	Loss 0.1032 (0.1760)
2021-02-15 13:50:22,070 HOW INFO: >> Train: [4][300/400]	Time 0.975 (0.975)	Data 0.000 (0.021)	Loss 0.1272 (0.1751)
2021-02-15 13:50:40,503 HOW INFO: >> Train: [4][320/400]	Time 0.938 (0.971)	Data 0.000 (0.020)	Loss 0.3555 (0.1754)
2021-02-15 13:50:59,613 HOW INFO: >> Train: [4][340/400]	Time 0.965 (0.971)	Data 0.000 (0.019)	Loss 0.1985 (0.1743)
2021-02-15 13:51:17,729 HOW INFO: >> Train: [4][360/400]	Time 0.941 (0.967)	Data 0.000 (0.018)	Loss 0.1531 (0.1736)
2021-02-15 13:51:36,412 HOW INFO: >> Train: [4][380/400]	Time 0.822 (0.965)	Data 0.000 (0.017)	Loss 0.1020 (0.1732)
2021-02-15 13:51:54,943 HOW INFO: >> Train: [4][400/400]	Time 0.827 (0.963)	Data 0.000 (0.016)	Loss 0.2238 (0.1729)
2021-02-15 13:51:56,403 HOW INFO: Epoch 4 finished in 833.8s
2021-02-15 13:59:32,051 HOW INFO: >> Train: [5][1/400]	Time 7.531 (7.531)	Data 6.097 (6.097)	Loss 0.0873 (0.2113)
2021-02-15 13:59:50,341 HOW INFO: >> Train: [5][20/400]	Time 0.945 (1.291)	Data 0.000 (0.305)	Loss 0.1753 (0.1839)
2021-02-15 14:00:09,267 HOW INFO: >> Train: [5][40/400]	Time 0.954 (1.119)	Data 0.000 (0.153)	Loss 0.2396 (0.1735)
2021-02-15 14:00:28,128 HOW INFO: >> Train: [5][60/400]	Time 0.973 (1.060)	Data 0.000 (0.102)	Loss 0.1229 (0.1741)
2021-02-15 14:00:47,288 HOW INFO: >> Train: [5][80/400]	Time 0.889 (1.035)	Data 0.000 (0.077)	Loss 0.1427 (0.1756)
2021-02-15 14:01:06,318 HOW INFO: >> Train: [5][100/400]	Time 0.931 (1.018)	Data 0.000 (0.061)	Loss 0.0810 (0.1724)
2021-02-15 14:01:24,879 HOW INFO: >> Train: [5][120/400]	Time 0.891 (1.003)	Data 0.000 (0.051)	Loss 0.0742 (0.1744)
2021-02-15 14:01:43,840 HOW INFO: >> Train: [5][140/400]	Time 0.933 (0.995)	Data 0.000 (0.044)	Loss 0.1608 (0.1749)
2021-02-15 14:02:02,982 HOW INFO: >> Train: [5][160/400]	Time 0.969 (0.990)	Data 0.000 (0.038)	Loss 0.1502 (0.1743)
2021-02-15 14:02:21,624 HOW INFO: >> Train: [5][180/400]	Time 0.885 (0.984)	Data 0.000 (0.034)	Loss 0.1543 (0.1751)
2021-02-15 14:02:40,359 HOW INFO: >> Train: [5][200/400]	Time 0.921 (0.979)	Data 0.000 (0.031)	Loss 0.2159 (0.1747)
2021-02-15 14:02:58,921 HOW INFO: >> Train: [5][220/400]	Time 0.923 (0.975)	Data 0.000 (0.028)	Loss 0.1535 (0.1739)
2021-02-15 14:03:17,774 HOW INFO: >> Train: [5][240/400]	Time 0.936 (0.972)	Data 0.000 (0.026)	Loss 0.2676 (0.1738)
2021-02-15 14:03:36,861 HOW INFO: >> Train: [5][260/400]	Time 0.898 (0.971)	Data 0.000 (0.024)	Loss 0.0802 (0.1721)
2021-02-15 14:03:55,706 HOW INFO: >> Train: [5][280/400]	Time 0.883 (0.969)	Data 0.000 (0.022)	Loss 0.3285 (0.1717)
2021-02-15 14:04:14,756 HOW INFO: >> Train: [5][300/400]	Time 0.905 (0.967)	Data 0.000 (0.021)	Loss 0.1897 (0.1716)
2021-02-15 14:04:33,796 HOW INFO: >> Train: [5][320/400]	Time 1.000 (0.966)	Data 0.000 (0.019)	Loss 0.1308 (0.1703)
2021-02-15 14:04:53,138 HOW INFO: >> Train: [5][340/400]	Time 1.002 (0.967)	Data 0.000 (0.018)	Loss 0.1450 (0.1704)
2021-02-15 14:05:12,195 HOW INFO: >> Train: [5][360/400]	Time 0.928 (0.966)	Data 0.000 (0.017)	Loss 0.1384 (0.1697)
2021-02-15 14:05:31,143 HOW INFO: >> Train: [5][380/400]	Time 0.926 (0.965)	Data 0.000 (0.016)	Loss 0.1268 (0.1685)
2021-02-15 14:05:49,561 HOW INFO: >> Train: [5][400/400]	Time 0.904 (0.963)	Data 0.000 (0.016)	Loss 0.1006 (0.1679)
2021-02-15 14:05:50,285 HOW INFO: Starting asmk evaluation
2021-02-15 14:21:48,072 HOW INFO: Codebook trained in 544.1s
2021-02-15 14:21:48,276 HOW INFO: Evaluating val_eccv20
2021-02-15 14:27:46,507 HOW INFO: Initializing network whitening
2021-02-15 15:42:23,175 HOW INFO: Indexed images in 759.58s
2021-02-15 15:42:23,176 HOW DEBUG: IVF stats: {'vectors_per_image': 279.86871530850294, 'mean_entries_per_vw': 53.0860595703125, 'min_entries_per_vw': 0, 'max_entries_per_vw': 891, 'std_of_entries_per_vw': 72.92055406788106, 'imbalance_factor_of_vw': 2.8868567924689934}
2021-02-15 15:48:08,555 HOW DEBUG: Average query time (quant+aggr+search) is 0.138s
2021-02-15 15:48:09,259 HOW INFO: Evaluated val_eccv20: mAP 83.12, mP@k [90.82 84.26 79.61]
2021-02-15 15:48:09,259 HOW INFO: Finished asmk evaluation in 102 min
2021-02-15 15:48:10,627 HOW INFO: Epoch 5 finished in 6974.2s
2021-02-15 15:56:36,233 HOW INFO: >> Train: [6][1/400]	Time 8.261 (8.261)	Data 5.293 (5.293)	Loss 0.1292 (0.1633)
2021-02-15 15:57:15,915 HOW INFO: >> Train: [6][20/400]	Time 2.161 (2.397)	Data 0.000 (0.265)	Loss 0.1688 (0.1748)
2021-02-15 15:57:57,493 HOW INFO: >> Train: [6][40/400]	Time 2.034 (2.238)	Data 0.000 (0.133)	Loss 0.0784 (0.1727)
2021-02-15 15:58:38,874 HOW INFO: >> Train: [6][60/400]	Time 2.016 (2.182)	Data 0.000 (0.088)	Loss 0.0602 (0.1698)
2021-02-15 15:59:20,322 HOW INFO: >> Train: [6][80/400]	Time 2.110 (2.154)	Data 0.000 (0.066)	Loss 0.1224 (0.1669)
2021-02-15 16:00:02,188 HOW INFO: >> Train: [6][100/400]	Time 2.123 (2.142)	Data 0.000 (0.053)	Loss 0.1455 (0.1682)
2021-02-15 16:00:43,650 HOW INFO: >> Train: [6][120/400]	Time 2.159 (2.131)	Data 0.000 (0.044)	Loss 0.1528 (0.1645)
2021-02-15 16:01:25,196 HOW INFO: >> Train: [6][140/400]	Time 2.120 (2.123)	Data 0.000 (0.038)	Loss 0.4845 (0.1639)
2021-02-15 16:02:06,637 HOW INFO: >> Train: [6][160/400]	Time 2.188 (2.117)	Data 0.000 (0.033)	Loss 0.1651 (0.1639)
2021-02-15 16:02:48,528 HOW INFO: >> Train: [6][180/400]	Time 2.081 (2.114)	Data 0.000 (0.030)	Loss 0.1940 (0.1620)
2021-02-15 16:03:30,045 HOW INFO: >> Train: [6][200/400]	Time 2.092 (2.110)	Data 0.000 (0.027)	Loss 0.0987 (0.1622)
2021-02-15 16:04:11,170 HOW INFO: >> Train: [6][220/400]	Time 2.096 (2.105)	Data 0.000 (0.024)	Loss 0.2192 (0.1631)
2021-02-15 16:04:52,885 HOW INFO: >> Train: [6][240/400]	Time 2.065 (2.104)	Data 0.000 (0.022)	Loss 0.1963 (0.1635)
2021-02-15 16:05:35,077 HOW INFO: >> Train: [6][260/400]	Time 2.084 (2.104)	Data 0.000 (0.021)	Loss 0.1342 (0.1627)
2021-02-15 16:06:16,635 HOW INFO: >> Train: [6][280/400]	Time 2.055 (2.102)	Data 0.000 (0.019)	Loss 0.2760 (0.1621)
2021-02-15 16:06:58,026 HOW INFO: >> Train: [6][300/400]	Time 2.108 (2.100)	Data 0.000 (0.018)	Loss 0.1168 (0.1617)
2021-02-15 16:07:39,214 HOW INFO: >> Train: [6][320/400]	Time 1.978 (2.098)	Data 0.000 (0.017)	Loss 0.1398 (0.1621)
2021-02-15 16:08:21,263 HOW INFO: >> Train: [6][340/400]	Time 2.151 (2.098)	Data 0.000 (0.016)	Loss 0.3091 (0.1621)
2021-02-15 16:09:02,863 HOW INFO: >> Train: [6][360/400]	Time 2.117 (2.097)	Data 0.000 (0.015)	Loss 0.2056 (0.1618)
2021-02-15 16:09:44,429 HOW INFO: >> Train: [6][380/400]	Time 2.037 (2.096)	Data 0.000 (0.014)	Loss 0.1072 (0.1617)
2021-02-15 16:10:25,660 HOW INFO: >> Train: [6][400/400]	Time 2.178 (2.094)	Data 0.000 (0.013)	Loss 0.1909 (0.1621)
2021-02-15 16:10:26,389 HOW INFO: Epoch 6 finished in 1335.8s
2021-02-15 16:18:52,142 HOW INFO: >> Train: [7][1/400]	Time 8.673 (8.673)	Data 5.865 (5.865)	Loss 0.3490 (0.2241)
2021-02-15 16:19:32,231 HOW INFO: >> Train: [7][20/400]	Time 2.112 (2.438)	Data 0.000 (0.294)	Loss 0.1644 (0.1700)
2021-02-15 16:20:13,696 HOW INFO: >> Train: [7][40/400]	Time 2.046 (2.256)	Data 0.000 (0.147)	Loss 0.2071 (0.1770)
2021-02-15 16:20:54,990 HOW INFO: >> Train: [7][60/400]	Time 2.111 (2.192)	Data 0.000 (0.098)	Loss 0.2519 (0.1727)
2021-02-15 16:21:36,717 HOW INFO: >> Train: [7][80/400]	Time 2.050 (2.166)	Data 0.000 (0.074)	Loss 0.1232 (0.1700)
2021-02-15 16:22:18,630 HOW INFO: >> Train: [7][100/400]	Time 2.051 (2.152)	Data 0.000 (0.059)	Loss 0.1090 (0.1700)
2021-02-15 16:23:00,408 HOW INFO: >> Train: [7][120/400]	Time 2.078 (2.141)	Data 0.000 (0.049)	Loss 0.1342 (0.1695)
2021-02-15 16:23:41,136 HOW INFO: >> Train: [7][140/400]	Time 2.138 (2.126)	Data 0.000 (0.042)	Loss 0.2149 (0.1679)
2021-02-15 16:24:22,529 HOW INFO: >> Train: [7][160/400]	Time 2.053 (2.119)	Data 0.000 (0.037)	Loss 0.0801 (0.1665)
2021-02-15 16:25:03,393 HOW INFO: >> Train: [7][180/400]	Time 2.111 (2.111)	Data 0.000 (0.033)	Loss 0.1496 (0.1648)
2021-02-15 16:25:44,731 HOW INFO: >> Train: [7][200/400]	Time 2.183 (2.106)	Data 0.000 (0.030)	Loss 0.1574 (0.1634)
2021-02-15 16:26:25,896 HOW INFO: >> Train: [7][220/400]	Time 2.109 (2.102)	Data 0.000 (0.027)	Loss 0.0206 (0.1608)
2021-02-15 16:27:06,745 HOW INFO: >> Train: [7][240/400]	Time 2.047 (2.097)	Data 0.000 (0.025)	Loss 0.0489 (0.1607)
2021-02-15 16:27:47,882 HOW INFO: >> Train: [7][260/400]	Time 2.008 (2.094)	Data 0.000 (0.023)	Loss 0.0817 (0.1595)
2021-02-15 16:28:29,374 HOW INFO: >> Train: [7][280/400]	Time 1.986 (2.093)	Data 0.000 (0.021)	Loss 0.0887 (0.1590)
2021-02-15 16:29:11,165 HOW INFO: >> Train: [7][300/400]	Time 2.055 (2.092)	Data 0.000 (0.020)	Loss 0.1130 (0.1582)
2021-02-15 16:29:52,777 HOW INFO: >> Train: [7][320/400]	Time 2.064 (2.092)	Data 0.000 (0.019)	Loss 0.1472 (0.1583)
2021-02-15 16:30:33,939 HOW INFO: >> Train: [7][340/400]	Time 1.976 (2.090)	Data 0.000 (0.017)	Loss 0.1591 (0.1586)
2021-02-15 16:31:15,829 HOW INFO: >> Train: [7][360/400]	Time 1.970 (2.090)	Data 0.000 (0.016)	Loss 0.1963 (0.1585)
2021-02-15 16:31:57,474 HOW INFO: >> Train: [7][380/400]	Time 2.008 (2.089)	Data 0.000 (0.016)	Loss 0.0728 (0.1581)
2021-02-15 16:32:38,430 HOW INFO: >> Train: [7][400/400]	Time 2.023 (2.087)	Data 0.000 (0.015)	Loss 0.1961 (0.1580)
2021-02-15 16:32:39,244 HOW INFO: Epoch 7 finished in 1332.9s
2021-02-15 16:41:04,342 HOW INFO: >> Train: [8][1/400]	Time 8.430 (8.430)	Data 5.506 (5.506)	Loss 0.1080 (0.1653)
2021-02-15 16:41:43,670 HOW INFO: >> Train: [8][20/400]	Time 2.059 (2.388)	Data 0.000 (0.276)	Loss 0.0448 (0.1631)
2021-02-15 16:42:25,006 HOW INFO: >> Train: [8][40/400]	Time 1.942 (2.227)	Data 0.000 (0.138)	Loss 0.1071 (0.1642)
2021-02-15 16:43:06,715 HOW INFO: >> Train: [8][60/400]	Time 2.107 (2.180)	Data 0.000 (0.092)	Loss 0.1070 (0.1682)
2021-02-15 16:43:48,607 HOW INFO: >> Train: [8][80/400]	Time 2.163 (2.159)	Data 0.000 (0.069)	Loss 0.2388 (0.1660)
2021-02-15 16:44:29,736 HOW INFO: >> Train: [8][100/400]	Time 2.056 (2.138)	Data 0.000 (0.055)	Loss 0.2969 (0.1670)
2021-02-15 16:45:11,323 HOW INFO: >> Train: [8][120/400]	Time 2.093 (2.128)	Data 0.000 (0.046)	Loss 0.0544 (0.1646)
2021-02-15 16:45:53,266 HOW INFO: >> Train: [8][140/400]	Time 2.049 (2.124)	Data 0.000 (0.040)	Loss 0.0944 (0.1621)
2021-02-15 16:46:35,353 HOW INFO: >> Train: [8][160/400]	Time 2.141 (2.122)	Data 0.000 (0.035)	Loss 0.2179 (0.1636)
2021-02-15 16:47:16,850 HOW INFO: >> Train: [8][180/400]	Time 2.053 (2.116)	Data 0.000 (0.031)	Loss 0.0800 (0.1613)
2021-02-15 16:47:58,338 HOW INFO: >> Train: [8][200/400]	Time 2.033 (2.112)	Data 0.000 (0.028)	Loss 0.2481 (0.1609)
2021-02-15 16:48:39,612 HOW INFO: >> Train: [8][220/400]	Time 2.067 (2.108)	Data 0.000 (0.025)	Loss 0.1372 (0.1598)
2021-02-15 16:49:20,897 HOW INFO: >> Train: [8][240/400]	Time 2.039 (2.104)	Data 0.000 (0.023)	Loss 0.2963 (0.1596)
2021-02-15 16:50:01,940 HOW INFO: >> Train: [8][260/400]	Time 2.072 (2.100)	Data 0.000 (0.021)	Loss 0.1333 (0.1589)
2021-02-15 16:50:43,629 HOW INFO: >> Train: [8][280/400]	Time 2.074 (2.099)	Data 0.000 (0.020)	Loss 0.1402 (0.1580)
2021-02-15 16:51:25,410 HOW INFO: >> Train: [8][300/400]	Time 2.060 (2.098)	Data 0.000 (0.019)	Loss 0.0690 (0.1578)
2021-02-15 16:52:06,341 HOW INFO: >> Train: [8][320/400]	Time 1.976 (2.095)	Data 0.000 (0.017)	Loss 0.0433 (0.1576)
2021-02-15 16:52:47,678 HOW INFO: >> Train: [8][340/400]	Time 2.121 (2.093)	Data 0.000 (0.016)	Loss 0.1443 (0.1574)
2021-02-15 16:53:28,995 HOW INFO: >> Train: [8][360/400]	Time 2.018 (2.092)	Data 0.000 (0.015)	Loss 0.2256 (0.1575)
2021-02-15 16:54:10,105 HOW INFO: >> Train: [8][380/400]	Time 2.053 (2.090)	Data 0.000 (0.015)	Loss 0.1539 (0.1565)
2021-02-15 16:54:50,903 HOW INFO: >> Train: [8][400/400]	Time 2.115 (2.087)	Data 0.000 (0.014)	Loss 0.0570 (0.1565)
2021-02-15 16:54:51,723 HOW INFO: Epoch 8 finished in 1332.5s
2021-02-15 17:03:12,139 HOW INFO: >> Train: [9][1/400]	Time 8.013 (8.013)	Data 5.112 (5.112)	Loss 0.1017 (0.1476)
2021-02-15 17:03:51,724 HOW INFO: >> Train: [9][20/400]	Time 2.129 (2.380)	Data 0.000 (0.256)	Loss 0.0948 (0.1684)
2021-02-15 17:04:33,927 HOW INFO: >> Train: [9][40/400]	Time 1.945 (2.245)	Data 0.000 (0.128)	Loss 0.1382 (0.1678)
2021-02-15 17:05:15,954 HOW INFO: >> Train: [9][60/400]	Time 2.051 (2.197)	Data 0.000 (0.085)	Loss 0.1633 (0.1659)
2021-02-15 17:05:57,081 HOW INFO: >> Train: [9][80/400]	Time 2.106 (2.162)	Data 0.000 (0.064)	Loss 0.0891 (0.1639)
2021-02-15 17:06:39,106 HOW INFO: >> Train: [9][100/400]	Time 2.152 (2.150)	Data 0.000 (0.051)	Loss 0.0872 (0.1619)
2021-02-15 17:07:20,659 HOW INFO: >> Train: [9][120/400]	Time 2.081 (2.138)	Data 0.000 (0.043)	Loss 0.0664 (0.1594)
2021-02-15 17:08:01,887 HOW INFO: >> Train: [9][140/400]	Time 2.176 (2.127)	Data 0.000 (0.037)	Loss 0.1737 (0.1580)
2021-02-15 17:08:43,597 HOW INFO: >> Train: [9][160/400]	Time 2.133 (2.122)	Data 0.000 (0.032)	Loss 0.1480 (0.1574)
2021-02-15 17:09:24,708 HOW INFO: >> Train: [9][180/400]	Time 2.076 (2.114)	Data 0.000 (0.029)	Loss 0.1572 (0.1566)
2021-02-15 17:10:05,510 HOW INFO: >> Train: [9][200/400]	Time 2.114 (2.107)	Data 0.000 (0.026)	Loss 0.0911 (0.1575)
2021-02-15 17:10:47,103 HOW INFO: >> Train: [9][220/400]	Time 2.075 (2.104)	Data 0.000 (0.023)	Loss 0.1936 (0.1570)
2021-02-15 17:11:28,503 HOW INFO: >> Train: [9][240/400]	Time 2.034 (2.102)	Data 0.000 (0.021)	Loss 0.0832 (0.1557)
2021-02-15 17:12:09,922 HOW INFO: >> Train: [9][260/400]	Time 2.085 (2.099)	Data 0.000 (0.020)	Loss 0.2015 (0.1551)
2021-02-15 17:12:51,431 HOW INFO: >> Train: [9][280/400]	Time 2.003 (2.098)	Data 0.000 (0.018)	Loss 0.1203 (0.1555)
2021-02-15 17:13:32,681 HOW INFO: >> Train: [9][300/400]	Time 2.110 (2.095)	Data 0.000 (0.017)	Loss 0.0342 (0.1548)
2021-02-15 17:14:14,217 HOW INFO: >> Train: [9][320/400]	Time 2.057 (2.094)	Data 0.000 (0.016)	Loss 0.0915 (0.1551)
2021-02-15 17:14:55,608 HOW INFO: >> Train: [9][340/400]	Time 2.048 (2.093)	Data 0.000 (0.015)	Loss 0.2846 (0.1550)
2021-02-15 17:15:37,617 HOW INFO: >> Train: [9][360/400]	Time 2.148 (2.093)	Data 0.000 (0.014)	Loss 0.2426 (0.1548)
2021-02-15 17:16:19,016 HOW INFO: >> Train: [9][380/400]	Time 2.148 (2.092)	Data 0.000 (0.014)	Loss 0.1288 (0.1540)
2021-02-15 17:17:00,167 HOW INFO: >> Train: [9][400/400]	Time 1.982 (2.090)	Data 0.000 (0.013)	Loss 0.0772 (0.1538)
2021-02-15 17:17:00,852 HOW INFO: Epoch 9 finished in 1329.1s
2021-02-15 17:25:25,327 HOW INFO: >> Train: [10][1/400]	Time 8.975 (8.975)	Data 6.007 (6.007)	Loss 0.1712 (0.1401)
2021-02-15 17:26:04,041 HOW INFO: >> Train: [10][20/400]	Time 1.954 (2.384)	Data 0.000 (0.301)	Loss 0.2266 (0.1648)
2021-02-15 17:26:45,243 HOW INFO: >> Train: [10][40/400]	Time 2.007 (2.222)	Data 0.000 (0.150)	Loss 0.1391 (0.1582)
2021-02-15 17:27:26,367 HOW INFO: >> Train: [10][60/400]	Time 1.888 (2.167)	Data 0.000 (0.100)	Loss 0.2514 (0.1603)
2021-02-15 17:28:07,370 HOW INFO: >> Train: [10][80/400]	Time 2.115 (2.138)	Data 0.000 (0.075)	Loss 0.1334 (0.1552)
2021-02-15 17:28:49,181 HOW INFO: >> Train: [10][100/400]	Time 2.135 (2.128)	Data 0.000 (0.060)	Loss 0.1076 (0.1531)
2021-02-15 17:29:30,197 HOW INFO: >> Train: [10][120/400]	Time 2.105 (2.115)	Data 0.000 (0.050)	Loss 0.4539 (0.1542)
2021-02-15 17:30:11,934 HOW INFO: >> Train: [10][140/400]	Time 1.994 (2.111)	Data 0.000 (0.043)	Loss 0.0986 (0.1512)
2021-02-15 17:30:52,795 HOW INFO: >> Train: [10][160/400]	Time 1.974 (2.103)	Data 0.000 (0.038)	Loss 0.1561 (0.1523)
2021-02-15 17:31:34,803 HOW INFO: >> Train: [10][180/400]	Time 2.121 (2.103)	Data 0.000 (0.034)	Loss 0.2536 (0.1529)
2021-02-15 17:32:16,106 HOW INFO: >> Train: [10][200/400]	Time 2.095 (2.099)	Data 0.000 (0.030)	Loss 0.1457 (0.1523)
2021-02-15 17:32:57,852 HOW INFO: >> Train: [10][220/400]	Time 2.006 (2.098)	Data 0.000 (0.028)	Loss 0.0987 (0.1527)
2021-02-15 17:33:39,456 HOW INFO: >> Train: [10][240/400]	Time 2.058 (2.096)	Data 0.000 (0.025)	Loss 0.2769 (0.1529)
2021-02-15 17:34:20,714 HOW INFO: >> Train: [10][260/400]	Time 2.209 (2.094)	Data 0.000 (0.023)	Loss 0.0755 (0.1528)
2021-02-15 17:35:02,033 HOW INFO: >> Train: [10][280/400]	Time 1.988 (2.092)	Data 0.000 (0.022)	Loss 0.2401 (0.1517)
2021-02-15 17:35:42,720 HOW INFO: >> Train: [10][300/400]	Time 2.092 (2.088)	Data 0.000 (0.020)	Loss 0.1466 (0.1518)
2021-02-15 17:36:24,269 HOW INFO: >> Train: [10][320/400]	Time 2.117 (2.087)	Data 0.000 (0.019)	Loss 0.2165 (0.1521)
2021-02-15 17:37:05,658 HOW INFO: >> Train: [10][340/400]	Time 1.997 (2.086)	Data 0.000 (0.018)	Loss 0.1946 (0.1517)
2021-02-15 17:37:46,887 HOW INFO: >> Train: [10][360/400]	Time 1.977 (2.085)	Data 0.000 (0.017)	Loss 0.0365 (0.1509)
2021-02-15 17:38:28,596 HOW INFO: >> Train: [10][380/400]	Time 2.046 (2.085)	Data 0.000 (0.016)	Loss 0.1100 (0.1509)
2021-02-15 17:39:09,808 HOW INFO: >> Train: [10][400/400]	Time 2.152 (2.084)	Data 0.000 (0.015)	Loss 0.1230 (0.1505)
2021-02-15 17:39:10,597 HOW INFO: Starting asmk evaluation
2021-02-15 18:00:43,215 HOW INFO: Codebook trained in 856.5s
2021-02-15 18:00:43,420 HOW INFO: Evaluating val_eccv20
2021-02-15 18:49:55,678 HOW INFO: Indexed images in 639.80s
2021-02-15 18:49:55,679 HOW DEBUG: IVF stats: {'vectors_per_image': 273.08897112058565, 'mean_entries_per_vw': 51.80006408691406, 'min_entries_per_vw': 0, 'max_entries_per_vw': 1074, 'std_of_entries_per_vw': 70.11977985716707, 'imbalance_factor_of_vw': 2.832400888910314}
2021-02-15 18:53:00,828 HOW DEBUG: Average query time (quant+aggr+search) is 0.082s
2021-02-15 18:53:01,561 HOW INFO: Evaluated val_eccv20: mAP 82.44, mP@k [90.26 83.51 78.42]
2021-02-15 18:53:01,561 HOW INFO: Finished asmk evaluation in 73 min
2021-02-15 18:53:02,091 HOW INFO: Epoch 10 finished in 5761.2s
2021-02-15 19:01:25,633 HOW INFO: >> Train: [11][1/400]	Time 7.736 (7.736)	Data 4.926 (4.926)	Loss 0.3237 (0.1693)
2021-02-15 19:02:05,915 HOW INFO: >> Train: [11][20/400]	Time 2.077 (2.401)	Data 0.000 (0.247)	Loss 0.2519 (0.1600)
2021-02-15 19:02:47,279 HOW INFO: >> Train: [11][40/400]	Time 1.977 (2.235)	Data 0.000 (0.123)	Loss 0.1777 (0.1583)
2021-02-15 19:03:28,819 HOW INFO: >> Train: [11][60/400]	Time 2.067 (2.182)	Data 0.000 (0.082)	Loss 0.1062 (0.1561)
2021-02-15 19:04:10,303 HOW INFO: >> Train: [11][80/400]	Time 2.096 (2.155)	Data 0.000 (0.062)	Loss 0.2356 (0.1548)
2021-02-15 19:04:52,134 HOW INFO: >> Train: [11][100/400]	Time 2.044 (2.142)	Data 0.000 (0.050)	Loss 0.0469 (0.1514)
2021-02-15 19:05:33,365 HOW INFO: >> Train: [11][120/400]	Time 2.024 (2.129)	Data 0.000 (0.041)	Loss 0.1184 (0.1500)
2021-02-15 19:06:14,868 HOW INFO: >> Train: [11][140/400]	Time 2.044 (2.121)	Data 0.000 (0.035)	Loss 0.1865 (0.1507)
2021-02-15 19:06:56,809 HOW INFO: >> Train: [11][160/400]	Time 1.987 (2.118)	Data 0.000 (0.031)	Loss 0.2183 (0.1492)
2021-02-15 19:07:38,620 HOW INFO: >> Train: [11][180/400]	Time 2.094 (2.115)	Data 0.000 (0.028)	Loss 0.3025 (0.1479)
2021-02-15 19:08:20,044 HOW INFO: >> Train: [11][200/400]	Time 2.124 (2.111)	Data 0.000 (0.025)	Loss 0.1532 (0.1473)
2021-02-15 19:09:01,244 HOW INFO: >> Train: [11][220/400]	Time 2.122 (2.106)	Data 0.000 (0.023)	Loss 0.0319 (0.1470)
2021-02-15 19:09:42,928 HOW INFO: >> Train: [11][240/400]	Time 2.126 (2.104)	Data 0.000 (0.021)	Loss 0.1651 (0.1462)
2021-02-15 19:10:24,429 HOW INFO: >> Train: [11][260/400]	Time 2.064 (2.102)	Data 0.000 (0.019)	Loss 0.1403 (0.1458)
2021-02-15 19:11:05,276 HOW INFO: >> Train: [11][280/400]	Time 2.168 (2.098)	Data 0.000 (0.018)	Loss 0.0667 (0.1447)
2021-02-15 19:11:46,778 HOW INFO: >> Train: [11][300/400]	Time 2.051 (2.096)	Data 0.000 (0.017)	Loss 0.1291 (0.1447)
2021-02-15 19:12:28,037 HOW INFO: >> Train: [11][320/400]	Time 2.063 (2.094)	Data 0.001 (0.016)	Loss 0.1299 (0.1450)
2021-02-15 19:13:09,734 HOW INFO: >> Train: [11][340/400]	Time 1.990 (2.094)	Data 0.000 (0.015)	Loss 0.0956 (0.1444)
2021-02-15 19:13:50,940 HOW INFO: >> Train: [11][360/400]	Time 2.089 (2.092)	Data 0.000 (0.014)	Loss 0.0908 (0.1444)
2021-02-15 19:14:32,425 HOW INFO: >> Train: [11][380/400]	Time 2.106 (2.091)	Data 0.000 (0.013)	Loss 0.1092 (0.1442)
2021-02-15 19:15:14,062 HOW INFO: >> Train: [11][400/400]	Time 2.193 (2.090)	Data 0.000 (0.013)	Loss 0.3664 (0.1436)
2021-02-15 19:15:14,729 HOW INFO: Epoch 11 finished in 1332.6s
2021-02-15 19:23:37,928 HOW INFO: >> Train: [12][1/400]	Time 8.670 (8.670)	Data 5.781 (5.781)	Loss 0.0286 (0.1790)
2021-02-15 19:24:17,812 HOW INFO: >> Train: [12][20/400]	Time 2.180 (2.428)	Data 0.000 (0.289)	Loss 0.1387 (0.1561)
2021-02-15 19:24:59,043 HOW INFO: >> Train: [12][40/400]	Time 2.146 (2.245)	Data 0.000 (0.145)	Loss 0.1184 (0.1595)
2021-02-15 19:25:40,473 HOW INFO: >> Train: [12][60/400]	Time 2.079 (2.187)	Data 0.000 (0.097)	Loss 0.0276 (0.1566)
2021-02-15 19:26:21,957 HOW INFO: >> Train: [12][80/400]	Time 1.995 (2.159)	Data 0.000 (0.073)	Loss 0.1440 (0.1537)
2021-02-15 19:27:03,123 HOW INFO: >> Train: [12][100/400]	Time 2.113 (2.139)	Data 0.000 (0.058)	Loss 0.1091 (0.1533)
2021-02-15 19:27:44,861 HOW INFO: >> Train: [12][120/400]	Time 1.928 (2.130)	Data 0.000 (0.048)	Loss 0.1127 (0.1531)
2021-02-15 19:28:26,421 HOW INFO: >> Train: [12][140/400]	Time 2.172 (2.123)	Data 0.000 (0.042)	Loss 0.2199 (0.1497)
2021-02-15 19:29:07,526 HOW INFO: >> Train: [12][160/400]	Time 2.008 (2.114)	Data 0.000 (0.036)	Loss 0.1299 (0.1478)
2021-02-15 19:29:49,551 HOW INFO: >> Train: [12][180/400]	Time 2.023 (2.113)	Data 0.000 (0.032)	Loss 0.3561 (0.1473)
2021-02-15 19:30:30,900 HOW INFO: >> Train: [12][200/400]	Time 2.143 (2.108)	Data 0.000 (0.029)	Loss 0.1427 (0.1454)
2021-02-15 19:31:12,114 HOW INFO: >> Train: [12][220/400]	Time 2.104 (2.104)	Data 0.000 (0.027)	Loss 0.1301 (0.1444)
2021-02-15 19:31:53,480 HOW INFO: >> Train: [12][240/400]	Time 2.130 (2.101)	Data 0.000 (0.024)	Loss 0.2402 (0.1439)
2021-02-15 19:32:35,143 HOW INFO: >> Train: [12][260/400]	Time 2.078 (2.100)	Data 0.000 (0.022)	Loss 0.0636 (0.1437)
2021-02-15 19:33:16,330 HOW INFO: >> Train: [12][280/400]	Time 2.146 (2.097)	Data 0.000 (0.021)	Loss 0.1218 (0.1430)
2021-02-15 19:33:57,951 HOW INFO: >> Train: [12][300/400]	Time 2.054 (2.096)	Data 0.000 (0.020)	Loss 0.0645 (0.1428)
2021-02-15 19:34:38,895 HOW INFO: >> Train: [12][320/400]	Time 2.064 (2.093)	Data 0.001 (0.018)	Loss 0.4226 (0.1423)
2021-02-15 19:35:20,604 HOW INFO: >> Train: [12][340/400]	Time 2.188 (2.092)	Data 0.000 (0.017)	Loss 0.1500 (0.1423)
2021-02-15 19:36:01,878 HOW INFO: >> Train: [12][360/400]	Time 2.163 (2.091)	Data 0.000 (0.016)	Loss 0.1266 (0.1420)
2021-02-15 19:36:43,074 HOW INFO: >> Train: [12][380/400]	Time 1.958 (2.089)	Data 0.000 (0.015)	Loss 0.1322 (0.1416)
2021-02-15 19:37:24,694 HOW INFO: >> Train: [12][400/400]	Time 2.038 (2.089)	Data 0.000 (0.015)	Loss 0.0793 (0.1412)
2021-02-15 19:37:25,349 HOW INFO: Epoch 12 finished in 1330.6s
2021-02-15 19:45:49,324 HOW INFO: >> Train: [13][1/400]	Time 7.912 (7.912)	Data 4.911 (4.911)	Loss 0.1863 (0.1006)
2021-02-15 19:46:28,595 HOW INFO: >> Train: [13][20/400]	Time 2.101 (2.359)	Data 0.000 (0.246)	Loss 0.0962 (0.1596)
2021-02-15 19:47:09,892 HOW INFO: >> Train: [13][40/400]	Time 2.054 (2.212)	Data 0.000 (0.123)	Loss 0.1356 (0.1537)
2021-02-15 19:47:51,802 HOW INFO: >> Train: [13][60/400]	Time 2.154 (2.173)	Data 0.000 (0.082)	Loss 0.1952 (0.1534)
2021-02-15 19:48:33,518 HOW INFO: >> Train: [13][80/400]	Time 2.095 (2.151)	Data 0.000 (0.062)	Loss 0.2023 (0.1514)
2021-02-15 19:49:15,119 HOW INFO: >> Train: [13][100/400]	Time 1.988 (2.137)	Data 0.000 (0.049)	Loss 0.0670 (0.1483)
2021-02-15 19:49:56,080 HOW INFO: >> Train: [13][120/400]	Time 1.986 (2.122)	Data 0.000 (0.041)	Loss 0.1017 (0.1481)
2021-02-15 19:50:37,870 HOW INFO: >> Train: [13][140/400]	Time 2.126 (2.118)	Data 0.000 (0.035)	Loss 0.2033 (0.1465)
2021-02-15 19:51:19,809 HOW INFO: >> Train: [13][160/400]	Time 2.024 (2.115)	Data 0.000 (0.031)	Loss 0.0845 (0.1455)
2021-02-15 19:52:01,624 HOW INFO: >> Train: [13][180/400]	Time 2.068 (2.112)	Data 0.000 (0.027)	Loss 0.1116 (0.1450)
2021-02-15 19:52:42,622 HOW INFO: >> Train: [13][200/400]	Time 1.892 (2.106)	Data 0.000 (0.025)	Loss 0.2370 (0.1465)
2021-02-15 19:53:24,351 HOW INFO: >> Train: [13][220/400]	Time 2.015 (2.104)	Data 0.000 (0.023)	Loss 0.1735 (0.1472)
2021-02-15 19:54:06,004 HOW INFO: >> Train: [13][240/400]	Time 2.156 (2.102)	Data 0.000 (0.021)	Loss 0.1026 (0.1469)
2021-02-15 19:54:47,186 HOW INFO: >> Train: [13][260/400]	Time 2.105 (2.099)	Data 0.000 (0.019)	Loss 0.0188 (0.1458)
2021-02-15 19:55:28,835 HOW INFO: >> Train: [13][280/400]	Time 2.033 (2.098)	Data 0.000 (0.018)	Loss 0.1803 (0.1460)
2021-02-15 19:56:09,565 HOW INFO: >> Train: [13][300/400]	Time 2.175 (2.094)	Data 0.000 (0.017)	Loss 0.0837 (0.1460)
2021-02-15 19:56:50,891 HOW INFO: >> Train: [13][320/400]	Time 2.087 (2.092)	Data 0.001 (0.016)	Loss 0.0398 (0.1452)
2021-02-15 19:57:32,495 HOW INFO: >> Train: [13][340/400]	Time 2.040 (2.091)	Data 0.000 (0.015)	Loss 0.1449 (0.1452)
2021-02-15 19:58:13,312 HOW INFO: >> Train: [13][360/400]	Time 1.965 (2.089)	Data 0.000 (0.014)	Loss 0.2763 (0.1458)
2021-02-15 19:58:54,404 HOW INFO: >> Train: [13][380/400]	Time 2.079 (2.087)	Data 0.000 (0.013)	Loss 0.0729 (0.1450)
2021-02-15 19:59:35,980 HOW INFO: >> Train: [13][400/400]	Time 2.130 (2.086)	Data 0.000 (0.012)	Loss 0.2147 (0.1447)
2021-02-15 19:59:36,697 HOW INFO: Epoch 13 finished in 1331.3s
2021-02-15 20:07:53,256 HOW INFO: >> Train: [14][1/400]	Time 7.218 (7.218)	Data 5.601 (5.601)	Loss 0.1290 (0.1140)
2021-02-15 20:08:11,940 HOW INFO: >> Train: [14][20/400]	Time 0.934 (1.295)	Data 0.000 (0.280)	Loss 0.1083 (0.1575)
2021-02-15 20:08:41,330 HOW INFO: >> Train: [14][40/400]	Time 1.874 (1.382)	Data 0.000 (0.140)	Loss 0.2911 (0.1451)
2021-02-15 20:09:23,205 HOW INFO: >> Train: [14][60/400]	Time 2.137 (1.619)	Data 0.000 (0.094)	Loss 0.0876 (0.1435)
2021-02-15 20:10:01,972 HOW INFO: >> Train: [14][80/400]	Time 1.961 (1.699)	Data 0.000 (0.070)	Loss 0.0915 (0.1432)
2021-02-15 20:10:43,625 HOW INFO: >> Train: [14][100/400]	Time 2.112 (1.776)	Data 0.000 (0.056)	Loss 0.1484 (0.1451)
2021-02-15 20:11:25,081 HOW INFO: >> Train: [14][120/400]	Time 2.110 (1.825)	Data 0.000 (0.047)	Loss 0.0833 (0.1453)
2021-02-15 20:12:05,931 HOW INFO: >> Train: [14][140/400]	Time 2.132 (1.856)	Data 0.000 (0.040)	Loss 0.0976 (0.1463)
2021-02-15 20:12:47,008 HOW INFO: >> Train: [14][160/400]	Time 2.094 (1.881)	Data 0.000 (0.035)	Loss 0.3844 (0.1447)
2021-02-15 20:13:29,010 HOW INFO: >> Train: [14][180/400]	Time 2.169 (1.905)	Data 0.000 (0.031)	Loss 0.1833 (0.1424)
2021-02-15 20:14:10,716 HOW INFO: >> Train: [14][200/400]	Time 1.983 (1.923)	Data 0.001 (0.028)	Loss 0.0894 (0.1418)
2021-02-15 20:14:51,591 HOW INFO: >> Train: [14][220/400]	Time 2.091 (1.934)	Data 0.000 (0.026)	Loss 0.1121 (0.1425)
2021-02-15 20:15:33,378 HOW INFO: >> Train: [14][240/400]	Time 2.156 (1.947)	Data 0.000 (0.024)	Loss 0.2871 (0.1426)
2021-02-15 20:16:14,575 HOW INFO: >> Train: [14][260/400]	Time 2.108 (1.956)	Data 0.000 (0.022)	Loss 0.1457 (0.1418)
2021-02-15 20:16:55,464 HOW INFO: >> Train: [14][280/400]	Time 1.905 (1.962)	Data 0.000 (0.020)	Loss 0.1507 (0.1420)
2021-02-15 20:17:37,062 HOW INFO: >> Train: [14][300/400]	Time 2.061 (1.970)	Data 0.000 (0.019)	Loss 0.1890 (0.1425)
2021-02-15 20:18:18,189 HOW INFO: >> Train: [14][320/400]	Time 2.032 (1.975)	Data 0.001 (0.018)	Loss 0.1523 (0.1428)
2021-02-15 20:18:59,888 HOW INFO: >> Train: [14][340/400]	Time 2.184 (1.982)	Data 0.000 (0.017)	Loss 0.2555 (0.1423)
2021-02-15 20:19:41,097 HOW INFO: >> Train: [14][360/400]	Time 2.120 (1.986)	Data 0.000 (0.016)	Loss 0.0776 (0.1420)
2021-02-15 20:20:22,493 HOW INFO: >> Train: [14][380/400]	Time 2.055 (1.991)	Data 0.000 (0.015)	Loss 0.2077 (0.1421)
2021-02-15 20:21:03,112 HOW INFO: >> Train: [14][400/400]	Time 1.897 (1.993)	Data 0.000 (0.014)	Loss 0.1024 (0.1422)
2021-02-15 20:21:03,827 HOW INFO: Epoch 14 finished in 1287.1s
2021-02-15 20:29:26,330 HOW INFO: >> Train: [15][1/400]	Time 7.728 (7.728)	Data 4.633 (4.633)	Loss 0.1158 (0.1043)
2021-02-15 20:30:06,409 HOW INFO: >> Train: [15][20/400]	Time 2.086 (2.390)	Data 0.000 (0.232)	Loss 0.0633 (0.1397)
2021-02-15 20:30:47,967 HOW INFO: >> Train: [15][40/400]	Time 2.135 (2.234)	Data 0.000 (0.116)	Loss 0.1312 (0.1456)
2021-02-15 20:31:28,198 HOW INFO: >> Train: [15][60/400]	Time 2.178 (2.160)	Data 0.000 (0.077)	Loss 0.2872 (0.1501)
2021-02-15 20:32:09,327 HOW INFO: >> Train: [15][80/400]	Time 2.092 (2.134)	Data 0.000 (0.058)	Loss 0.0886 (0.1495)
2021-02-15 20:32:50,310 HOW INFO: >> Train: [15][100/400]	Time 2.081 (2.117)	Data 0.000 (0.047)	Loss 0.1394 (0.1472)
2021-02-15 20:33:30,916 HOW INFO: >> Train: [15][120/400]	Time 2.151 (2.103)	Data 0.000 (0.039)	Loss 0.1153 (0.1458)
2021-02-15 20:34:12,185 HOW INFO: >> Train: [15][140/400]	Time 2.036 (2.097)	Data 0.000 (0.033)	Loss 0.0655 (0.1449)
2021-02-15 20:34:53,373 HOW INFO: >> Train: [15][160/400]	Time 2.049 (2.092)	Data 0.000 (0.029)	Loss 0.1425 (0.1450)
2021-02-15 20:35:34,836 HOW INFO: >> Train: [15][180/400]	Time 2.141 (2.090)	Data 0.000 (0.026)	Loss 0.1370 (0.1452)
2021-02-15 20:36:15,960 HOW INFO: >> Train: [15][200/400]	Time 2.186 (2.087)	Data 0.000 (0.023)	Loss 0.1134 (0.1452)
2021-02-15 20:36:57,261 HOW INFO: >> Train: [15][220/400]	Time 2.128 (2.085)	Data 0.000 (0.021)	Loss 0.1143 (0.1457)
2021-02-15 20:37:38,433 HOW INFO: >> Train: [15][240/400]	Time 2.020 (2.083)	Data 0.000 (0.020)	Loss 0.1754 (0.1445)
2021-02-15 20:38:18,837 HOW INFO: >> Train: [15][260/400]	Time 2.048 (2.078)	Data 0.000 (0.018)	Loss 0.1299 (0.1451)
2021-02-15 20:39:00,045 HOW INFO: >> Train: [15][280/400]	Time 1.895 (2.077)	Data 0.000 (0.017)	Loss 0.1593 (0.1447)
2021-02-15 20:39:40,934 HOW INFO: >> Train: [15][300/400]	Time 2.068 (2.074)	Data 0.000 (0.016)	Loss 0.0698 (0.1437)
2021-02-15 20:40:21,878 HOW INFO: >> Train: [15][320/400]	Time 1.952 (2.073)	Data 0.001 (0.015)	Loss 0.1657 (0.1437)
2021-02-15 20:41:02,193 HOW INFO: >> Train: [15][340/400]	Time 1.974 (2.069)	Data 0.000 (0.014)	Loss 0.1617 (0.1434)
2021-02-15 20:41:43,364 HOW INFO: >> Train: [15][360/400]	Time 2.043 (2.069)	Data 0.000 (0.013)	Loss 0.2557 (0.1426)
2021-02-15 20:42:24,208 HOW INFO: >> Train: [15][380/400]	Time 1.825 (2.067)	Data 0.000 (0.012)	Loss 0.1829 (0.1430)
2021-02-15 20:43:05,747 HOW INFO: >> Train: [15][400/400]	Time 2.148 (2.068)	Data 0.000 (0.012)	Loss 0.1369 (0.1427)
2021-02-15 20:43:06,477 HOW INFO: Starting asmk evaluation
2021-02-15 21:07:12,555 HOW INFO: Codebook trained in 858.4s
2021-02-15 21:07:12,625 HOW INFO: Evaluating val_eccv20
2021-02-15 22:15:53,315 HOW INFO: Indexed images in 689.41s
2021-02-15 22:15:53,331 HOW DEBUG: IVF stats: {'vectors_per_image': 267.870243745475, 'mean_entries_per_vw': 50.81016540527344, 'min_entries_per_vw': 0, 'max_entries_per_vw': 946, 'std_of_entries_per_vw': 68.57745051081987, 'imbalance_factor_of_vw': 2.8216353834211776}
2021-02-15 22:20:30,163 HOW DEBUG: Average query time (quant+aggr+search) is 0.083s
2021-02-15 22:20:30,868 HOW INFO: Evaluated val_eccv20: mAP 85.18, mP@k [92.49 85.92 81.7 ]
2021-02-15 22:20:30,868 HOW INFO: Finished asmk evaluation in 97 min
2021-02-15 22:20:32,169 HOW INFO: Epoch 15 finished in 7168.3s
2021-02-15 22:28:52,728 HOW INFO: >> Train: [16][1/400]	Time 8.080 (8.080)	Data 5.160 (5.160)	Loss 0.1041 (0.2370)
2021-02-15 22:29:31,312 HOW INFO: >> Train: [16][20/400]	Time 2.026 (2.333)	Data 0.000 (0.258)	Loss 0.2107 (0.1478)
2021-02-15 22:30:12,540 HOW INFO: >> Train: [16][40/400]	Time 2.023 (2.197)	Data 0.000 (0.129)	Loss 0.1602 (0.1490)
2021-02-15 22:30:54,069 HOW INFO: >> Train: [16][60/400]	Time 1.977 (2.157)	Data 0.000 (0.086)	Loss 0.2380 (0.1439)
2021-02-15 22:31:34,429 HOW INFO: >> Train: [16][80/400]	Time 1.832 (2.122)	Data 0.000 (0.065)	Loss 0.1712 (0.1441)
2021-02-15 22:32:15,219 HOW INFO: >> Train: [16][100/400]	Time 2.061 (2.106)	Data 0.000 (0.052)	Loss 0.0972 (0.1427)
2021-02-15 22:32:57,031 HOW INFO: >> Train: [16][120/400]	Time 2.090 (2.103)	Data 0.000 (0.043)	Loss 0.1618 (0.1417)
2021-02-15 22:33:38,373 HOW INFO: >> Train: [16][140/400]	Time 2.114 (2.098)	Data 0.000 (0.037)	Loss 0.2102 (0.1410)
2021-02-15 22:34:19,369 HOW INFO: >> Train: [16][160/400]	Time 2.130 (2.092)	Data 0.000 (0.032)	Loss 0.1737 (0.1386)
2021-02-15 22:34:59,841 HOW INFO: >> Train: [16][180/400]	Time 2.134 (2.084)	Data 0.000 (0.029)	Loss 0.0942 (0.1380)
2021-02-15 22:35:40,624 HOW INFO: >> Train: [16][200/400]	Time 1.916 (2.080)	Data 0.000 (0.026)	Loss 0.0745 (0.1393)
2021-02-15 22:36:21,572 HOW INFO: >> Train: [16][220/400]	Time 2.069 (2.077)	Data 0.000 (0.024)	Loss 0.1334 (0.1398)
2021-02-15 22:37:02,906 HOW INFO: >> Train: [16][240/400]	Time 2.076 (2.076)	Data 0.000 (0.022)	Loss 0.1558 (0.1393)
2021-02-15 22:37:44,212 HOW INFO: >> Train: [16][260/400]	Time 1.982 (2.075)	Data 0.000 (0.020)	Loss 0.1123 (0.1380)
2021-02-15 22:38:24,755 HOW INFO: >> Train: [16][280/400]	Time 2.148 (2.072)	Data 0.000 (0.019)	Loss 0.0419 (0.1379)
2021-02-15 22:39:06,197 HOW INFO: >> Train: [16][300/400]	Time 2.022 (2.072)	Data 0.000 (0.017)	Loss 0.1038 (0.1382)
2021-02-15 22:39:46,802 HOW INFO: >> Train: [16][320/400]	Time 2.017 (2.069)	Data 0.000 (0.016)	Loss 0.0518 (0.1378)
2021-02-15 22:40:28,395 HOW INFO: >> Train: [16][340/400]	Time 2.122 (2.070)	Data 0.000 (0.015)	Loss 0.0769 (0.1372)
2021-02-15 22:41:09,570 HOW INFO: >> Train: [16][360/400]	Time 1.967 (2.069)	Data 0.000 (0.015)	Loss 0.1203 (0.1371)
2021-02-15 22:41:50,267 HOW INFO: >> Train: [16][380/400]	Time 1.998 (2.067)	Data 0.000 (0.014)	Loss 0.0995 (0.1369)
2021-02-15 22:42:30,342 HOW INFO: >> Train: [16][400/400]	Time 2.108 (2.064)	Data 0.000 (0.013)	Loss 0.1325 (0.1370)
2021-02-15 22:42:31,136 HOW INFO: Epoch 16 finished in 1319.0s
2021-02-15 22:50:50,415 HOW INFO: >> Train: [17][1/400]	Time 8.855 (8.855)	Data 6.275 (6.275)	Loss 0.0942 (0.1916)
2021-02-15 22:51:29,476 HOW INFO: >> Train: [17][20/400]	Time 2.069 (2.396)	Data 0.000 (0.314)	Loss 0.2186 (0.1415)
2021-02-15 22:52:11,227 HOW INFO: >> Train: [17][40/400]	Time 2.025 (2.242)	Data 0.000 (0.157)	Loss 0.1210 (0.1413)
2021-02-15 22:52:52,723 HOW INFO: >> Train: [17][60/400]	Time 2.119 (2.186)	Data 0.000 (0.105)	Loss 0.1046 (0.1423)
2021-02-15 22:53:33,528 HOW INFO: >> Train: [17][80/400]	Time 2.127 (2.150)	Data 0.000 (0.079)	Loss 0.0924 (0.1423)
2021-02-15 22:54:14,292 HOW INFO: >> Train: [17][100/400]	Time 2.121 (2.127)	Data 0.000 (0.063)	Loss 0.2241 (0.1397)
2021-02-15 22:54:55,485 HOW INFO: >> Train: [17][120/400]	Time 2.134 (2.116)	Data 0.000 (0.053)	Loss 0.1403 (0.1394)
2021-02-15 22:55:37,044 HOW INFO: >> Train: [17][140/400]	Time 2.160 (2.111)	Data 0.000 (0.045)	Loss 0.2135 (0.1400)
2021-02-15 22:56:17,800 HOW INFO: >> Train: [17][160/400]	Time 2.102 (2.102)	Data 0.000 (0.039)	Loss 0.4277 (0.1388)
2021-02-15 22:56:58,563 HOW INFO: >> Train: [17][180/400]	Time 2.087 (2.094)	Data 0.000 (0.035)	Loss 0.0427 (0.1380)
2021-02-15 22:57:39,743 HOW INFO: >> Train: [17][200/400]	Time 2.104 (2.091)	Data 0.000 (0.032)	Loss 0.1678 (0.1385)
2021-02-15 22:58:21,324 HOW INFO: >> Train: [17][220/400]	Time 2.080 (2.090)	Data 0.000 (0.029)	Loss 0.1843 (0.1380)
2021-02-15 22:59:02,271 HOW INFO: >> Train: [17][240/400]	Time 2.088 (2.086)	Data 0.000 (0.026)	Loss 0.1617 (0.1368)
2021-02-15 22:59:43,233 HOW INFO: >> Train: [17][260/400]	Time 2.128 (2.083)	Data 0.000 (0.024)	Loss 0.1755 (0.1355)
2021-02-15 23:00:23,996 HOW INFO: >> Train: [17][280/400]	Time 1.965 (2.080)	Data 0.000 (0.023)	Loss 0.1646 (0.1358)
2021-02-15 23:01:05,187 HOW INFO: >> Train: [17][300/400]	Time 1.927 (2.079)	Data 0.000 (0.021)	Loss 0.1132 (0.1350)
2021-02-15 23:01:45,887 HOW INFO: >> Train: [17][320/400]	Time 2.032 (2.076)	Data 0.001 (0.020)	Loss 0.3323 (0.1352)
2021-02-15 23:02:27,022 HOW INFO: >> Train: [17][340/400]	Time 1.968 (2.075)	Data 0.000 (0.019)	Loss 0.0873 (0.1354)
2021-02-15 23:03:08,216 HOW INFO: >> Train: [17][360/400]	Time 2.147 (2.074)	Data 0.000 (0.018)	Loss 0.1180 (0.1357)
2021-02-15 23:03:49,669 HOW INFO: >> Train: [17][380/400]	Time 2.081 (2.074)	Data 0.000 (0.017)	Loss 0.1176 (0.1356)
2021-02-15 23:04:30,445 HOW INFO: >> Train: [17][400/400]	Time 2.060 (2.072)	Data 0.000 (0.016)	Loss 0.1887 (0.1354)
2021-02-15 23:04:31,139 HOW INFO: Epoch 17 finished in 1320.0s
2021-02-15 23:12:50,235 HOW INFO: >> Train: [18][1/400]	Time 8.575 (8.575)	Data 5.587 (5.587)	Loss 0.2703 (0.2930)
2021-02-15 23:13:29,739 HOW INFO: >> Train: [18][20/400]	Time 1.967 (2.404)	Data 0.000 (0.280)	Loss 0.1806 (0.1558)
2021-02-15 23:14:10,611 HOW INFO: >> Train: [18][40/400]	Time 2.155 (2.224)	Data 0.000 (0.140)	Loss 0.1658 (0.1459)
2021-02-15 23:14:52,382 HOW INFO: >> Train: [18][60/400]	Time 2.109 (2.179)	Data 0.000 (0.093)	Loss 0.1624 (0.1461)
2021-02-15 23:15:33,777 HOW INFO: >> Train: [18][80/400]	Time 2.103 (2.151)	Data 0.000 (0.070)	Loss 0.0171 (0.1459)
2021-02-15 23:16:14,441 HOW INFO: >> Train: [18][100/400]	Time 2.018 (2.128)	Data 0.000 (0.056)	Loss 0.1613 (0.1469)
2021-02-15 23:16:55,396 HOW INFO: >> Train: [18][120/400]	Time 2.106 (2.114)	Data 0.000 (0.047)	Loss 0.2270 (0.1465)
2021-02-15 23:17:36,394 HOW INFO: >> Train: [18][140/400]	Time 2.072 (2.105)	Data 0.000 (0.040)	Loss 0.0969 (0.1442)
2021-02-15 23:18:17,334 HOW INFO: >> Train: [18][160/400]	Time 1.943 (2.098)	Data 0.000 (0.035)	Loss 0.2405 (0.1435)
2021-02-15 23:18:58,717 HOW INFO: >> Train: [18][180/400]	Time 1.822 (2.095)	Data 0.000 (0.031)	Loss 0.1068 (0.1413)
2021-02-15 23:19:39,946 HOW INFO: >> Train: [18][200/400]	Time 2.117 (2.091)	Data 0.000 (0.028)	Loss 0.1047 (0.1403)
2021-02-15 23:20:21,202 HOW INFO: >> Train: [18][220/400]	Time 2.087 (2.089)	Data 0.000 (0.026)	Loss 0.2027 (0.1402)
2021-02-15 23:21:02,451 HOW INFO: >> Train: [18][240/400]	Time 1.982 (2.087)	Data 0.000 (0.023)	Loss 0.0960 (0.1400)
2021-02-15 23:21:43,919 HOW INFO: >> Train: [18][260/400]	Time 2.130 (2.086)	Data 0.000 (0.022)	Loss 0.1606 (0.1404)
2021-02-15 23:22:24,968 HOW INFO: >> Train: [18][280/400]	Time 2.080 (2.083)	Data 0.000 (0.020)	Loss 0.1327 (0.1398)
2021-02-15 23:23:05,708 HOW INFO: >> Train: [18][300/400]	Time 2.034 (2.080)	Data 0.000 (0.019)	Loss 0.2268 (0.1400)
2021-02-15 23:23:46,678 HOW INFO: >> Train: [18][320/400]	Time 2.096 (2.078)	Data 0.001 (0.018)	Loss 0.1599 (0.1404)
2021-02-15 23:24:27,866 HOW INFO: >> Train: [18][340/400]	Time 2.095 (2.077)	Data 0.000 (0.017)	Loss 0.1698 (0.1392)
2021-02-15 23:25:08,926 HOW INFO: >> Train: [18][360/400]	Time 2.102 (2.076)	Data 0.000 (0.016)	Loss 0.2456 (0.1388)
2021-02-15 23:25:50,322 HOW INFO: >> Train: [18][380/400]	Time 1.995 (2.075)	Data 0.000 (0.015)	Loss 0.0520 (0.1391)
2021-02-15 23:26:31,156 HOW INFO: >> Train: [18][400/400]	Time 1.883 (2.074)	Data 0.000 (0.014)	Loss 0.0823 (0.1394)
2021-02-15 23:26:31,928 HOW INFO: Epoch 18 finished in 1320.8s
2021-02-15 23:34:54,641 HOW INFO: >> Train: [19][1/400]	Time 9.263 (9.263)	Data 6.566 (6.566)	Loss 0.2117 (0.1592)
2021-02-15 23:35:34,243 HOW INFO: >> Train: [19][20/400]	Time 2.029 (2.443)	Data 0.000 (0.329)	Loss 0.1144 (0.1393)
2021-02-15 23:36:15,297 HOW INFO: >> Train: [19][40/400]	Time 1.943 (2.248)	Data 0.000 (0.164)	Loss 0.1157 (0.1456)
2021-02-15 23:36:56,601 HOW INFO: >> Train: [19][60/400]	Time 1.928 (2.187)	Data 0.000 (0.110)	Loss 0.1072 (0.1374)
2021-02-15 23:37:37,606 HOW INFO: >> Train: [19][80/400]	Time 2.148 (2.153)	Data 0.000 (0.082)	Loss 0.1892 (0.1354)
2021-02-15 23:38:19,013 HOW INFO: >> Train: [19][100/400]	Time 2.050 (2.136)	Data 0.000 (0.066)	Loss 0.2362 (0.1326)
2021-02-15 23:39:00,386 HOW INFO: >> Train: [19][120/400]	Time 1.982 (2.125)	Data 0.000 (0.055)	Loss 0.2068 (0.1334)
2021-02-15 23:39:41,874 HOW INFO: >> Train: [19][140/400]	Time 2.080 (2.118)	Data 0.000 (0.047)	Loss 0.1471 (0.1335)
2021-02-15 23:40:22,600 HOW INFO: >> Train: [19][160/400]	Time 2.061 (2.108)	Data 0.000 (0.041)	Loss 0.2220 (0.1337)
2021-02-15 23:41:04,086 HOW INFO: >> Train: [19][180/400]	Time 2.144 (2.104)	Data 0.000 (0.037)	Loss 0.2348 (0.1343)
2021-02-15 23:41:45,396 HOW INFO: >> Train: [19][200/400]	Time 1.961 (2.100)	Data 0.000 (0.033)	Loss 0.1274 (0.1340)
2021-02-15 23:42:26,154 HOW INFO: >> Train: [19][220/400]	Time 2.026 (2.094)	Data 0.000 (0.030)	Loss 0.0508 (0.1332)
2021-02-15 23:43:07,497 HOW INFO: >> Train: [19][240/400]	Time 2.055 (2.092)	Data 0.000 (0.028)	Loss 0.0525 (0.1336)
2021-02-15 23:43:48,803 HOW INFO: >> Train: [19][260/400]	Time 2.017 (2.090)	Data 0.000 (0.026)	Loss 0.1046 (0.1330)
2021-02-15 23:44:30,286 HOW INFO: >> Train: [19][280/400]	Time 2.117 (2.089)	Data 0.000 (0.024)	Loss 0.1073 (0.1326)
2021-02-15 23:45:11,628 HOW INFO: >> Train: [19][300/400]	Time 2.096 (2.087)	Data 0.000 (0.022)	Loss 0.1641 (0.1320)
2021-02-15 23:45:52,588 HOW INFO: >> Train: [19][320/400]	Time 1.995 (2.085)	Data 0.001 (0.021)	Loss 0.0714 (0.1321)
2021-02-15 23:46:33,783 HOW INFO: >> Train: [19][340/400]	Time 2.030 (2.084)	Data 0.000 (0.020)	Loss 0.1150 (0.1324)
2021-02-15 23:47:14,489 HOW INFO: >> Train: [19][360/400]	Time 2.118 (2.081)	Data 0.000 (0.018)	Loss 0.0488 (0.1321)
2021-02-15 23:47:55,447 HOW INFO: >> Train: [19][380/400]	Time 2.122 (2.079)	Data 0.000 (0.018)	Loss 0.1010 (0.1319)
2021-02-15 23:48:36,223 HOW INFO: >> Train: [19][400/400]	Time 2.059 (2.077)	Data 0.000 (0.017)	Loss 0.0426 (0.1320)
2021-02-15 23:48:37,004 HOW INFO: Epoch 19 finished in 1325.1s
2021-02-15 23:56:57,329 HOW INFO: >> Train: [20][1/400]	Time 8.410 (8.410)	Data 5.144 (5.144)	Loss 0.1313 (0.1167)
2021-02-15 23:57:36,306 HOW INFO: >> Train: [20][20/400]	Time 1.999 (2.369)	Data 0.000 (0.257)	Loss 0.2933 (0.1507)
2021-02-15 23:58:17,208 HOW INFO: >> Train: [20][40/400]	Time 2.037 (2.207)	Data 0.000 (0.129)	Loss 0.1641 (0.1387)
2021-02-15 23:58:58,454 HOW INFO: >> Train: [20][60/400]	Time 2.204 (2.159)	Data 0.000 (0.086)	Loss 0.0891 (0.1376)
2021-02-15 23:59:40,039 HOW INFO: >> Train: [20][80/400]	Time 2.142 (2.139)	Data 0.000 (0.065)	Loss 0.2216 (0.1379)
2021-02-16 00:00:21,483 HOW INFO: >> Train: [20][100/400]	Time 2.034 (2.126)	Data 0.000 (0.052)	Loss 0.0486 (0.1344)
2021-02-16 00:01:02,675 HOW INFO: >> Train: [20][120/400]	Time 2.078 (2.115)	Data 0.000 (0.043)	Loss 0.2668 (0.1352)
2021-02-16 00:01:44,231 HOW INFO: >> Train: [20][140/400]	Time 1.973 (2.109)	Data 0.000 (0.037)	Loss 0.1003 (0.1319)
2021-02-16 00:02:25,505 HOW INFO: >> Train: [20][160/400]	Time 2.077 (2.104)	Data 0.000 (0.032)	Loss 0.1834 (0.1313)
2021-02-16 00:03:07,025 HOW INFO: >> Train: [20][180/400]	Time 2.006 (2.101)	Data 0.000 (0.029)	Loss 0.1601 (0.1310)
2021-02-16 00:03:48,021 HOW INFO: >> Train: [20][200/400]	Time 2.035 (2.096)	Data 0.000 (0.026)	Loss 0.1926 (0.1324)
2021-02-16 00:04:28,630 HOW INFO: >> Train: [20][220/400]	Time 2.056 (2.090)	Data 0.000 (0.024)	Loss 0.1156 (0.1320)
2021-02-16 00:05:09,541 HOW INFO: >> Train: [20][240/400]	Time 2.076 (2.086)	Data 0.000 (0.022)	Loss 0.1826 (0.1315)
2021-02-16 00:05:50,945 HOW INFO: >> Train: [20][260/400]	Time 2.207 (2.085)	Data 0.000 (0.020)	Loss 0.0284 (0.1325)
2021-02-16 00:06:32,494 HOW INFO: >> Train: [20][280/400]	Time 2.046 (2.084)	Data 0.000 (0.019)	Loss 0.1930 (0.1322)
2021-02-16 00:07:13,226 HOW INFO: >> Train: [20][300/400]	Time 2.069 (2.081)	Data 0.000 (0.017)	Loss 0.1455 (0.1318)
2021-02-16 00:07:53,947 HOW INFO: >> Train: [20][320/400]	Time 2.044 (2.078)	Data 0.001 (0.016)	Loss 0.1875 (0.1327)
2021-02-16 00:08:35,330 HOW INFO: >> Train: [20][340/400]	Time 2.089 (2.078)	Data 0.000 (0.015)	Loss 0.0115 (0.1324)
2021-02-16 00:09:17,152 HOW INFO: >> Train: [20][360/400]	Time 2.049 (2.078)	Data 0.000 (0.015)	Loss 0.0514 (0.1326)
2021-02-16 00:09:58,275 HOW INFO: >> Train: [20][380/400]	Time 2.033 (2.077)	Data 0.000 (0.014)	Loss 0.1378 (0.1323)
2021-02-16 00:10:40,115 HOW INFO: >> Train: [20][400/400]	Time 1.802 (2.078)	Data 0.000 (0.013)	Loss 0.1444 (0.1316)
2021-02-16 00:10:40,939 HOW INFO: Starting asmk evaluation
2021-02-16 00:32:28,670 HOW INFO: Codebook trained in 855.4s
2021-02-16 00:32:28,734 HOW INFO: Evaluating val_eccv20
2021-02-16 02:00:25,667 HOW INFO: Indexed images in 818.13s
2021-02-16 02:00:25,696 HOW DEBUG: IVF stats: {'vectors_per_image': 267.2859786018824, 'mean_entries_per_vw': 50.6993408203125, 'min_entries_per_vw': 0, 'max_entries_per_vw': 957, 'std_of_entries_per_vw': 67.75192132023312, 'imbalance_factor_of_vw': 2.7858237953598355}
2021-02-16 02:11:55,756 HOW DEBUG: Average query time (quant+aggr+search) is 0.166s
2021-02-16 02:11:56,454 HOW INFO: Evaluated val_eccv20: mAP 83.66, mP@k [90.54 84.61 80.24]
2021-02-16 02:11:56,454 HOW INFO: Finished asmk evaluation in 121 min
2021-02-16 02:11:57,384 HOW INFO: Epoch 20 finished in 8600.4s
